CRITICAL - 2023-03-07 01:55:59 --> Undefined property: App\Controllers\Data::$mahasiwa
in APPPATH\Controllers\Data.php on line 36.
 1 APPPATH\Controllers\Data.php(36): CodeIgniter\Debug\Exceptions->errorHandler(2, 'Undefined property: App\\Controllers\\Data::$mahasiwa', 'APPPATH\\Controllers\\Data.php', 36)
 2 SYSTEMPATH\CodeIgniter.php(927): App\Controllers\Data->saveData()
 3 SYSTEMPATH\CodeIgniter.php(482): CodeIgniter\CodeIgniter->runController(Object(App\Controllers\Data))
 4 SYSTEMPATH\CodeIgniter.php(351): CodeIgniter\CodeIgniter->handleRequest(null, Object(Config\Cache), false)
 5 FCPATH\index.php(67): CodeIgniter\CodeIgniter->run()
 6 SYSTEMPATH\Commands\Server\rewrite.php(46): require_once('FCPATH\\index.php')
ERROR - 2023-03-07 01:56:49 --> mysqli_sql_exception: Duplicate entry '12001003' for key 'PRIMARY' in C:\Users\hp\Downloads\codeigniter4-framework-6ffad15\system\Database\MySQLi\Connection.php:292
Stack trace:
#0 C:\Users\hp\Downloads\codeigniter4-framework-6ffad15\system\Database\MySQLi\Connection.php(292): mysqli->query('INSERT INTO `ma...', 0)
#1 C:\Users\hp\Downloads\codeigniter4-framework-6ffad15\system\Database\BaseConnection.php(666): CodeIgniter\Database\MySQLi\Connection->execute('INSERT INTO `ma...')
#2 C:\Users\hp\Downloads\codeigniter4-framework-6ffad15\system\Database\BaseConnection.php(593): CodeIgniter\Database\BaseConnection->simpleQuery('INSERT INTO `ma...')
#3 C:\Users\hp\Downloads\codeigniter4-framework-6ffad15\system\Database\BaseBuilder.php(1916): CodeIgniter\Database\BaseConnection->query('INSERT INTO `ma...', Array, false)
#4 C:\Users\hp\Downloads\codeigniter4-framework-6ffad15\app\Models\MData.php(16): CodeIgniter\Database\BaseBuilder->insert(Array)
#5 C:\Users\hp\Downloads\codeigniter4-framework-6ffad15\app\Controllers\Data.php(36): App\Models\MData->saveData(Array)
#6 C:\Users\hp\Downloads\codeigniter4-framework-6ffad15\system\CodeIgniter.php(927): App\Controllers\Data->saveData()
#7 C:\Users\hp\Downloads\codeigniter4-framework-6ffad15\system\CodeIgniter.php(482): CodeIgniter\CodeIgniter->runController(Object(App\Controllers\Data))
#8 C:\Users\hp\Downloads\codeigniter4-framework-6ffad15\system\CodeIgniter.php(351): CodeIgniter\CodeIgniter->handleRequest(NULL, Object(Config\Cache), false)
#9 C:\Users\hp\Downloads\codeigniter4-framework-6ffad15\public\index.php(67): CodeIgniter\CodeIgniter->run()
#10 C:\Users\hp\Downloads\codeigniter4-framework-6ffad15\system\Commands\Server\rewrite.php(46): require_once('C:\\Users\\hp\\Dow...')
#11 {main}
CRITICAL - 2023-03-07 01:56:49 --> Duplicate entry '12001003' for key 'PRIMARY'
in SYSTEMPATH\Database\MySQLi\Connection.php on line 292.
 1 SYSTEMPATH\Database\MySQLi\Connection.php(292): mysqli->query('INSERT INTO `mahasiswa` (`nim`, `nama`, `fakultas`, `alamat`) VALUES (\'12001003\', \'Roberto Firmino\', \'Hubungan Internasional\', \'Merseyside\')', 0)
 2 SYSTEMPATH\Database\BaseConnection.php(666): CodeIgniter\Database\MySQLi\Connection->execute('INSERT INTO `mahasiswa` (`nim`, `nama`, `fakultas`, `alamat`) VALUES (\'12001003\', \'Roberto Firmino\', \'Hubungan Internasional\', \'Merseyside\')')
 3 SYSTEMPATH\Database\BaseConnection.php(593): CodeIgniter\Database\BaseConnection->simpleQuery('INSERT INTO `mahasiswa` (`nim`, `nama`, `fakultas`, `alamat`) VALUES (\'12001003\', \'Roberto Firmino\', \'Hubungan Internasional\', \'Merseyside\')')
 4 SYSTEMPATH\Database\BaseBuilder.php(1916): CodeIgniter\Database\BaseConnection->query('INSERT INTO `mahasiswa` (`nim`, `nama`, `fakultas`, `alamat`) VALUES (:nim:, :nama:, :fakultas:, :alamat:)', [...], false)
 5 APPPATH\Models\MData.php(16): CodeIgniter\Database\BaseBuilder->insert([...])
 6 APPPATH\Controllers\Data.php(36): App\Models\MData->saveData([...])
 7 SYSTEMPATH\CodeIgniter.php(927): App\Controllers\Data->saveData()
 8 SYSTEMPATH\CodeIgniter.php(482): CodeIgniter\CodeIgniter->runController(Object(App\Controllers\Data))
 9 SYSTEMPATH\CodeIgniter.php(351): CodeIgniter\CodeIgniter->handleRequest(null, Object(Config\Cache), false)
10 FCPATH\index.php(67): CodeIgniter\CodeIgniter->run()
11 SYSTEMPATH\Commands\Server\rewrite.php(46): require_once('FCPATH\\index.php')
ERROR - 2023-03-07 01:58:27 --> mysqli_sql_exception: Duplicate entry '12001009' for key 'PRIMARY' in C:\Users\hp\Downloads\codeigniter4-framework-6ffad15\system\Database\MySQLi\Connection.php:292
Stack trace:
#0 C:\Users\hp\Downloads\codeigniter4-framework-6ffad15\system\Database\MySQLi\Connection.php(292): mysqli->query('INSERT INTO `ma...', 0)
#1 C:\Users\hp\Downloads\codeigniter4-framework-6ffad15\system\Database\BaseConnection.php(666): CodeIgniter\Database\MySQLi\Connection->execute('INSERT INTO `ma...')
#2 C:\Users\hp\Downloads\codeigniter4-framework-6ffad15\system\Database\BaseConnection.php(593): CodeIgniter\Database\BaseConnection->simpleQuery('INSERT INTO `ma...')
#3 C:\Users\hp\Downloads\codeigniter4-framework-6ffad15\system\Database\BaseBuilder.php(1916): CodeIgniter\Database\BaseConnection->query('INSERT INTO `ma...', Array, false)
#4 C:\Users\hp\Downloads\codeigniter4-framework-6ffad15\app\Models\MData.php(16): CodeIgniter\Database\BaseBuilder->insert(Array)
#5 C:\Users\hp\Downloads\codeigniter4-framework-6ffad15\app\Controllers\Data.php(36): App\Models\MData->saveData(Array)
#6 C:\Users\hp\Downloads\codeigniter4-framework-6ffad15\system\CodeIgniter.php(927): App\Controllers\Data->saveData()
#7 C:\Users\hp\Downloads\codeigniter4-framework-6ffad15\system\CodeIgniter.php(482): CodeIgniter\CodeIgniter->runController(Object(App\Controllers\Data))
#8 C:\Users\hp\Downloads\codeigniter4-framework-6ffad15\system\CodeIgniter.php(351): CodeIgniter\CodeIgniter->handleRequest(NULL, Object(Config\Cache), false)
#9 C:\Users\hp\Downloads\codeigniter4-framework-6ffad15\public\index.php(67): CodeIgniter\CodeIgniter->run()
#10 C:\Users\hp\Downloads\codeigniter4-framework-6ffad15\system\Commands\Server\rewrite.php(46): require_once('C:\\Users\\hp\\Dow...')
#11 {main}
CRITICAL - 2023-03-07 01:58:27 --> Duplicate entry '12001009' for key 'PRIMARY'
in SYSTEMPATH\Database\MySQLi\Connection.php on line 292.
 1 SYSTEMPATH\Database\MySQLi\Connection.php(292): mysqli->query('INSERT INTO `mahasiswa` (`nim`, `nama`, `fakultas`, `alamat`) VALUES (\'12001009\', \'Roberto Firmino\', \'Hubungan Internasional\', \'Merseyside\')', 0)
 2 SYSTEMPATH\Database\BaseConnection.php(666): CodeIgniter\Database\MySQLi\Connection->execute('INSERT INTO `mahasiswa` (`nim`, `nama`, `fakultas`, `alamat`) VALUES (\'12001009\', \'Roberto Firmino\', \'Hubungan Internasional\', \'Merseyside\')')
 3 SYSTEMPATH\Database\BaseConnection.php(593): CodeIgniter\Database\BaseConnection->simpleQuery('INSERT INTO `mahasiswa` (`nim`, `nama`, `fakultas`, `alamat`) VALUES (\'12001009\', \'Roberto Firmino\', \'Hubungan Internasional\', \'Merseyside\')')
 4 SYSTEMPATH\Database\BaseBuilder.php(1916): CodeIgniter\Database\BaseConnection->query('INSERT INTO `mahasiswa` (`nim`, `nama`, `fakultas`, `alamat`) VALUES (:nim:, :nama:, :fakultas:, :alamat:)', [...], false)
 5 APPPATH\Models\MData.php(16): CodeIgniter\Database\BaseBuilder->insert([...])
 6 APPPATH\Controllers\Data.php(36): App\Models\MData->saveData([...])
 7 SYSTEMPATH\CodeIgniter.php(927): App\Controllers\Data->saveData()
 8 SYSTEMPATH\CodeIgniter.php(482): CodeIgniter\CodeIgniter->runController(Object(App\Controllers\Data))
 9 SYSTEMPATH\CodeIgniter.php(351): CodeIgniter\CodeIgniter->handleRequest(null, Object(Config\Cache), false)
10 FCPATH\index.php(67): CodeIgniter\CodeIgniter->run()
11 SYSTEMPATH\Commands\Server\rewrite.php(46): require_once('FCPATH\\index.php')
CRITICAL - 2023-03-07 03:34:11 --> You must set the database table to be used with your query.
in SYSTEMPATH\Database\BaseConnection.php on line 845.
 1 SYSTEMPATH\Model.php(587): CodeIgniter\Database\BaseConnection->table(null)
 2 SYSTEMPATH\Model.php(764): CodeIgniter\Model->builder()
 3 APPPATH\Controllers\Data.php(62): CodeIgniter\Model->__call('hapusData', [...])
 4 SYSTEMPATH\CodeIgniter.php(927): App\Controllers\Data->hapusData('12001015')
 5 SYSTEMPATH\CodeIgniter.php(482): CodeIgniter\CodeIgniter->runController(Object(App\Controllers\Data))
 6 SYSTEMPATH\CodeIgniter.php(351): CodeIgniter\CodeIgniter->handleRequest(null, Object(Config\Cache), false)
 7 FCPATH\index.php(67): CodeIgniter\CodeIgniter->run()
 8 SYSTEMPATH\Commands\Server\rewrite.php(46): require_once('FCPATH\\index.php')
